<?xml version="1.0" encoding="UTF-8"?>
<!-- Generated by org.testng.reporters.JUnitReportReporter -->
<testsuite hostname="DESKTOP-4HJSG2K" failures="0" tests="1" name="com.sevenrmartsupermarket.tests.AdminUserTest" time="14.587" errors="0" timestamp="2025-01-19T13:27:46 IST" skipped="0">
  <testcase classname="com.sevenrmartsupermarket.tests.AdminUserTest" name="verifyNewAdminInfo" time="14.587"/>
  <system-out/>
</testsuite> <!-- com.sevenrmartsupermarket.tests.AdminUserTest -->
