<?xml version="1.0" encoding="UTF-8"?>
<!-- Generated by org.testng.reporters.JUnitReportReporter -->
<testsuite hostname="DESKTOP-4HJSG2K" failures="0" tests="2" name="com.sevenrmartsupermarket.tests.ManageNewsTest" time="48.179" errors="0" timestamp="2025-01-18T19:04:17 IST" skipped="0">
  <testcase classname="com.sevenrmartsupermarket.tests.ManageNewsTest" name="verifyAlertMsg" time="32.095"/>
  <system-out/>
  <testcase classname="com.sevenrmartsupermarket.tests.ManageNewsTest" name="verifyEnterNews" time="16.084"/>
  <system-out/>
</testsuite> <!-- com.sevenrmartsupermarket.tests.ManageNewsTest -->
