<?xml version="1.0" encoding="UTF-8"?>
<!-- Generated by org.testng.reporters.JUnitReportReporter -->
<testsuite hostname="DESKTOP-4HJSG2K" failures="0" tests="4" name="com.sevenrmartsupermarket.tests.ManageNewsTest" time="320.503" errors="0" timestamp="2025-01-14T21:31:15 IST" skipped="0">
  <testcase classname="com.sevenrmartsupermarket.tests.ManageNewsTest" name="verifyEnterNews" time="59.170"/>
  <system-out/>
  <testcase classname="com.sevenrmartsupermarket.tests.ManageNewsTest" name="verifyAlertMsg" time="94.624"/>
  <system-out/>
  <testcase classname="com.sevenrmartsupermarket.tests.ManageNewsTest" name="verifyEnterNews" time="62.792"/>
  <system-out/>
  <testcase classname="com.sevenrmartsupermarket.tests.ManageNewsTest" name="verifyAlertMsg" time="103.917"/>
  <system-out/>
</testsuite> <!-- com.sevenrmartsupermarket.tests.ManageNewsTest -->
