<?xml version="1.0" encoding="UTF-8"?>
<!-- Generated by org.testng.reporters.JUnitReportReporter -->
<testsuite hostname="DESKTOP-4HJSG2K" failures="0" tests="1" name="com.sevenrmartsupermarket.tests.ManageContactTest" time="16.692" errors="0" timestamp="2025-01-20T11:35:18 IST" skipped="0">
  <testcase classname="com.sevenrmartsupermarket.tests.ManageContactTest" name="verifyContactUsHeading" time="16.692"/>
  <system-out/>
</testsuite> <!-- com.sevenrmartsupermarket.tests.ManageContactTest -->
